mode: set
github.com/appleboy/authgate/internal/services/device.go:29.74,31.2 1 0
github.com/appleboy/authgate/internal/services/device.go:34.96,37.16 2 0
github.com/appleboy/authgate/internal/services/device.go:37.16,39.3 1 0
github.com/appleboy/authgate/internal/services/device.go:41.2,51.61 2 0
github.com/appleboy/authgate/internal/services/device.go:51.61,53.3 1 0
github.com/appleboy/authgate/internal/services/device.go:55.2,55.24 1 0
github.com/appleboy/authgate/internal/services/device.go:59.86,61.16 2 0
github.com/appleboy/authgate/internal/services/device.go:61.16,63.3 1 0
github.com/appleboy/authgate/internal/services/device.go:65.2,65.20 1 0
github.com/appleboy/authgate/internal/services/device.go:65.20,68.3 2 0
github.com/appleboy/authgate/internal/services/device.go:70.2,70.16 1 0
github.com/appleboy/authgate/internal/services/device.go:74.94,79.16 3 0
github.com/appleboy/authgate/internal/services/device.go:79.16,81.3 1 0
github.com/appleboy/authgate/internal/services/device.go:83.2,83.20 1 0
github.com/appleboy/authgate/internal/services/device.go:83.20,86.3 2 0
github.com/appleboy/authgate/internal/services/device.go:88.2,88.16 1 0
github.com/appleboy/authgate/internal/services/device.go:92.76,94.16 2 0
github.com/appleboy/authgate/internal/services/device.go:94.16,96.3 1 0
github.com/appleboy/authgate/internal/services/device.go:98.2,102.37 4 0
github.com/appleboy/authgate/internal/services/device.go:106.82,108.16 2 0
github.com/appleboy/authgate/internal/services/device.go:108.16,110.3 1 0
github.com/appleboy/authgate/internal/services/device.go:112.2,113.16 2 0
github.com/appleboy/authgate/internal/services/device.go:113.16,115.3 1 0
github.com/appleboy/authgate/internal/services/device.go:117.2,117.31 1 0
github.com/appleboy/authgate/internal/services/device.go:122.32,126.22 3 0
github.com/appleboy/authgate/internal/services/device.go:126.22,129.3 2 0
github.com/appleboy/authgate/internal/services/device.go:132.2,132.21 1 0
github.com/appleboy/authgate/internal/services/device.go:136.41,137.20 1 0
github.com/appleboy/authgate/internal/services/device.go:137.20,139.3 1 0
github.com/appleboy/authgate/internal/services/device.go:140.2,140.34 1 0
github.com/appleboy/authgate/internal/services/token.go:34.72,36.2 1 0
github.com/appleboy/authgate/internal/services/token.go:41.32,43.16 2 0
github.com/appleboy/authgate/internal/services/token.go:43.16,45.3 1 0
github.com/appleboy/authgate/internal/services/token.go:48.2,48.20 1 0
github.com/appleboy/authgate/internal/services/token.go:48.20,51.3 2 0
github.com/appleboy/authgate/internal/services/token.go:54.2,54.29 1 0
github.com/appleboy/authgate/internal/services/token.go:54.29,56.3 1 0
github.com/appleboy/authgate/internal/services/token.go:59.2,59.20 1 0
github.com/appleboy/authgate/internal/services/token.go:59.20,61.3 1 0
github.com/appleboy/authgate/internal/services/token.go:64.2,80.16 5 0
github.com/appleboy/authgate/internal/services/token.go:80.16,82.3 1 0
github.com/appleboy/authgate/internal/services/token.go:85.2,95.63 2 0
github.com/appleboy/authgate/internal/services/token.go:95.63,97.3 1 0
github.com/appleboy/authgate/internal/services/token.go:100.2,102.25 2 0
github.com/appleboy/authgate/internal/services/token.go:106.78,110.47 1 0
github.com/appleboy/authgate/internal/services/token.go:110.47,112.4 1 0
github.com/appleboy/authgate/internal/services/token.go:114.2,114.16 1 0
github.com/appleboy/authgate/internal/services/token.go:114.16,116.3 1 0
github.com/appleboy/authgate/internal/services/token.go:118.2,118.64 1 0
github.com/appleboy/authgate/internal/services/token.go:118.64,120.3 1 0
github.com/appleboy/authgate/internal/services/token.go:122.2,122.41 1 0
github.com/appleboy/authgate/internal/services/user.go:21.50,23.2 1 0
github.com/appleboy/authgate/internal/services/user.go:25.85,27.16 2 0
github.com/appleboy/authgate/internal/services/user.go:27.16,29.3 1 0
github.com/appleboy/authgate/internal/services/user.go:31.2,31.99 1 0
github.com/appleboy/authgate/internal/services/user.go:31.99,33.3 1 0
github.com/appleboy/authgate/internal/services/user.go:35.2,35.18 1 0
github.com/appleboy/authgate/internal/services/user.go:38.68,40.16 2 0
github.com/appleboy/authgate/internal/services/user.go:40.16,42.3 1 0
github.com/appleboy/authgate/internal/services/user.go:43.2,43.18 1 0
github.com/appleboy/authgate/main.go:30.13,36.16 3 0
github.com/appleboy/authgate/main.go:36.16,38.3 1 0
github.com/appleboy/authgate/main.go:41.2,66.16 12 0
github.com/appleboy/authgate/main.go:66.16,68.3 1 0
github.com/appleboy/authgate/main.go:69.2,73.16 3 0
github.com/appleboy/authgate/main.go:73.16,75.3 1 0
github.com/appleboy/authgate/main.go:76.2,79.40 2 0
github.com/appleboy/authgate/main.go:79.40,81.37 1 0
github.com/appleboy/authgate/main.go:81.37,87.4 2 0
github.com/appleboy/authgate/main.go:88.3,91.5 1 0
github.com/appleboy/authgate/main.go:95.2,95.34 1 0
github.com/appleboy/authgate/main.go:95.34,97.3 1 0
github.com/appleboy/authgate/main.go:98.2,104.2 5 0
github.com/appleboy/authgate/main.go:104.2,108.3 3 0
github.com/appleboy/authgate/main.go:111.2,113.2 3 0
github.com/appleboy/authgate/main.go:113.2,116.3 2 0
github.com/appleboy/authgate/main.go:119.2,138.50 7 0
github.com/appleboy/authgate/main.go:138.50,139.13 1 0
github.com/appleboy/authgate/main.go:139.13,140.78 1 0
github.com/appleboy/authgate/main.go:140.78,142.5 1 0
github.com/appleboy/authgate/main.go:144.3,145.13 2 0
github.com/appleboy/authgate/main.go:149.2,149.32 1 0
github.com/appleboy/authgate/main.go:149.32,154.43 4 0
github.com/appleboy/authgate/main.go:154.43,157.4 2 0
github.com/appleboy/authgate/main.go:159.3,160.13 2 0
github.com/appleboy/authgate/main.go:164.2,164.12 1 0
github.com/appleboy/authgate/internal/middleware/auth.go:15.36,16.30 1 0
github.com/appleboy/authgate/internal/middleware/auth.go:16.30,20.20 3 0
github.com/appleboy/authgate/internal/middleware/auth.go:20.20,26.4 4 0
github.com/appleboy/authgate/internal/middleware/auth.go:28.3,29.11 2 0
github.com/appleboy/authgate/internal/models/client.go:16.39,18.2 1 0
github.com/appleboy/authgate/internal/models/device_code.go:21.39,23.2 1 0
github.com/appleboy/authgate/internal/models/token.go:18.40,20.2 1 0
github.com/appleboy/authgate/internal/handlers/auth.go:21.60,23.2 1 0
github.com/appleboy/authgate/internal/handlers/auth.go:26.49,28.39 2 0
github.com/appleboy/authgate/internal/handlers/auth.go:28.39,32.3 2 0
github.com/appleboy/authgate/internal/handlers/auth.go:34.2,38.4 2 0
github.com/appleboy/authgate/internal/handlers/auth.go:42.45,48.16 5 0
github.com/appleboy/authgate/internal/handlers/auth.go:48.16,54.3 2 0
github.com/appleboy/authgate/internal/handlers/auth.go:57.2,60.39 4 0
github.com/appleboy/authgate/internal/handlers/auth.go:60.39,65.3 2 0
github.com/appleboy/authgate/internal/handlers/auth.go:68.2,68.22 1 0
github.com/appleboy/authgate/internal/handlers/auth.go:68.22,70.3 1 0
github.com/appleboy/authgate/internal/handlers/auth.go:70.8,72.3 1 0
github.com/appleboy/authgate/internal/handlers/auth.go:76.46,79.39 3 0
github.com/appleboy/authgate/internal/handlers/auth.go:79.39,84.3 2 0
github.com/appleboy/authgate/internal/handlers/auth.go:85.2,85.40 1 0
github.com/appleboy/authgate/internal/handlers/device.go:18.86,20.2 1 0
github.com/appleboy/authgate/internal/handlers/device.go:24.59,26.20 2 0
github.com/appleboy/authgate/internal/handlers/device.go:26.20,32.48 2 0
github.com/appleboy/authgate/internal/handlers/device.go:32.48,34.23 2 0
github.com/appleboy/authgate/internal/handlers/device.go:34.23,36.5 1 0
github.com/appleboy/authgate/internal/handlers/device.go:40.2,40.20 1 0
github.com/appleboy/authgate/internal/handlers/device.go:40.20,46.3 2 0
github.com/appleboy/authgate/internal/handlers/device.go:48.2,49.17 2 0
github.com/appleboy/authgate/internal/handlers/device.go:49.17,50.42 1 0
github.com/appleboy/authgate/internal/handlers/device.go:50.42,52.4 1 0
github.com/appleboy/authgate/internal/handlers/device.go:52.9,54.4 1 0
github.com/appleboy/authgate/internal/handlers/device.go:57.2,58.16 2 0
github.com/appleboy/authgate/internal/handlers/device.go:58.16,59.39 1 0
github.com/appleboy/authgate/internal/handlers/device.go:59.39,65.4 2 0
github.com/appleboy/authgate/internal/handlers/device.go:66.3,70.9 2 0
github.com/appleboy/authgate/internal/handlers/device.go:73.2,82.4 1 0
github.com/appleboy/authgate/internal/handlers/device.go:86.52,98.20 5 0
github.com/appleboy/authgate/internal/handlers/device.go:98.20,100.17 2 0
github.com/appleboy/authgate/internal/handlers/device.go:100.17,102.4 1 0
github.com/appleboy/authgate/internal/handlers/device.go:105.2,105.44 1 0
github.com/appleboy/authgate/internal/handlers/device.go:109.54,112.19 3 0
github.com/appleboy/authgate/internal/handlers/device.go:112.19,115.3 2 0
github.com/appleboy/authgate/internal/handlers/device.go:117.2,118.20 2 0
github.com/appleboy/authgate/internal/handlers/device.go:118.20,124.3 2 0
github.com/appleboy/authgate/internal/handlers/device.go:127.2,130.16 3 0
github.com/appleboy/authgate/internal/handlers/device.go:130.16,132.14 2 0
github.com/appleboy/authgate/internal/handlers/device.go:133.37,134.36 1 0
github.com/appleboy/authgate/internal/handlers/device.go:135.38,136.59 1 0
github.com/appleboy/authgate/internal/handlers/device.go:137.11,138.40 1 0
github.com/appleboy/authgate/internal/handlers/device.go:141.3,146.9 2 0
github.com/appleboy/authgate/internal/handlers/device.go:149.2,152.4 1 0
github.com/appleboy/authgate/internal/handlers/token.go:22.83,24.2 1 0
github.com/appleboy/authgate/internal/handlers/token.go:28.46,31.38 2 0
github.com/appleboy/authgate/internal/handlers/token.go:31.38,37.3 2 0
github.com/appleboy/authgate/internal/handlers/token.go:39.2,42.40 3 0
github.com/appleboy/authgate/internal/handlers/token.go:42.40,48.3 2 0
github.com/appleboy/authgate/internal/handlers/token.go:50.2,51.16 2 0
github.com/appleboy/authgate/internal/handlers/token.go:51.16,52.14 1 0
github.com/appleboy/authgate/internal/handlers/token.go:53.41,56.6 1 0
github.com/appleboy/authgate/internal/handlers/token.go:57.29,60.6 1 0
github.com/appleboy/authgate/internal/handlers/token.go:61.33,64.6 1 0
github.com/appleboy/authgate/internal/handlers/token.go:65.33,68.6 1 0
github.com/appleboy/authgate/internal/handlers/token.go:69.11,73.6 1 0
github.com/appleboy/authgate/internal/handlers/token.go:75.3,75.9 1 0
github.com/appleboy/authgate/internal/handlers/token.go:78.2,83.4 1 0
github.com/appleboy/authgate/internal/handlers/token.go:87.50,89.22 2 0
github.com/appleboy/authgate/internal/handlers/token.go:89.22,94.3 2 0
github.com/appleboy/authgate/internal/handlers/token.go:96.2,98.16 3 0
github.com/appleboy/authgate/internal/handlers/token.go:98.16,104.3 2 0
github.com/appleboy/authgate/internal/handlers/token.go:106.2,113.4 1 0
github.com/appleboy/authgate/internal/config/config.go:30.21,44.2 2 0
github.com/appleboy/authgate/internal/config/config.go:46.46,47.42 1 0
github.com/appleboy/authgate/internal/config/config.go:47.42,49.3 1 0
github.com/appleboy/authgate/internal/config/config.go:50.2,50.21 1 0
github.com/appleboy/authgate/internal/store/sqlite.go:19.41,23.16 2 0
github.com/appleboy/authgate/internal/store/sqlite.go:23.16,25.3 1 0
github.com/appleboy/authgate/internal/store/sqlite.go:28.2,33.16 1 0
github.com/appleboy/authgate/internal/store/sqlite.go:33.16,35.3 1 0
github.com/appleboy/authgate/internal/store/sqlite.go:37.2,40.41 2 0
github.com/appleboy/authgate/internal/store/sqlite.go:40.41,42.3 1 0
github.com/appleboy/authgate/internal/store/sqlite.go:44.2,44.19 1 0
github.com/appleboy/authgate/internal/store/sqlite.go:47.34,51.20 3 0
github.com/appleboy/authgate/internal/store/sqlite.go:51.20,53.17 2 0
github.com/appleboy/authgate/internal/store/sqlite.go:53.17,55.4 1 0
github.com/appleboy/authgate/internal/store/sqlite.go:56.3,61.49 2 0
github.com/appleboy/authgate/internal/store/sqlite.go:61.49,63.4 1 0
github.com/appleboy/authgate/internal/store/sqlite.go:64.3,64.59 1 0
github.com/appleboy/authgate/internal/store/sqlite.go:68.2,70.22 3 0
github.com/appleboy/authgate/internal/store/sqlite.go:70.22,77.51 3 0
github.com/appleboy/authgate/internal/store/sqlite.go:77.51,79.4 1 0
github.com/appleboy/authgate/internal/store/sqlite.go:80.3,80.74 1 0
github.com/appleboy/authgate/internal/store/sqlite.go:83.2,83.12 1 0
github.com/appleboy/authgate/internal/store/sqlite.go:87.74,89.80 2 0
github.com/appleboy/authgate/internal/store/sqlite.go:89.80,91.3 1 0
github.com/appleboy/authgate/internal/store/sqlite.go:92.2,92.19 1 0
github.com/appleboy/authgate/internal/store/sqlite.go:95.62,97.68 2 0
github.com/appleboy/authgate/internal/store/sqlite.go:97.68,99.3 1 0
github.com/appleboy/authgate/internal/store/sqlite.go:100.2,100.19 1 0
github.com/appleboy/authgate/internal/store/sqlite.go:104.73,106.83 2 0
github.com/appleboy/authgate/internal/store/sqlite.go:106.83,108.3 1 0
github.com/appleboy/authgate/internal/store/sqlite.go:109.2,109.21 1 0
github.com/appleboy/authgate/internal/store/sqlite.go:113.63,115.2 1 0
github.com/appleboy/authgate/internal/store/sqlite.go:117.78,119.83 2 0
github.com/appleboy/authgate/internal/store/sqlite.go:119.83,121.3 1 0
github.com/appleboy/authgate/internal/store/sqlite.go:122.2,122.17 1 0
github.com/appleboy/authgate/internal/store/sqlite.go:125.86,127.79 2 0
github.com/appleboy/authgate/internal/store/sqlite.go:127.79,129.3 1 0
github.com/appleboy/authgate/internal/store/sqlite.go:130.2,130.17 1 0
github.com/appleboy/authgate/internal/store/sqlite.go:133.63,135.2 1 0
github.com/appleboy/authgate/internal/store/sqlite.go:137.59,139.2 1 0
github.com/appleboy/authgate/internal/store/sqlite.go:142.68,144.2 1 0
github.com/appleboy/authgate/internal/store/sqlite.go:146.75,148.71 2 0
github.com/appleboy/authgate/internal/store/sqlite.go:148.71,150.3 1 0
github.com/appleboy/authgate/internal/store/sqlite.go:151.2,151.16 1 0
github.com/appleboy/authgate/internal/store/sqlite.go:154.45,156.2 1 0
github.com/appleboy/authgate/internal/store/sqlite.go:158.50,160.2 1 0
github.com/appleboy/authgate/internal/store/sqlite.go:163.32,165.16 2 0
github.com/appleboy/authgate/internal/store/sqlite.go:165.16,167.3 1 0
github.com/appleboy/authgate/internal/store/sqlite.go:168.2,168.21 1 0
